<?xml version="1.0" encoding="UTF-8"?>
<!-- Generated by org.testng.reporters.JUnitReportReporter -->
<testsuite skipped="0" hostname="IBM-Testing01" name="commandsdemo.DependsonMethodDemo" tests="3" failures="0" timestamp="08 Jan 2020 03:29:48 GMT" time="0.016" errors="0">
  <testcase name="startup" time="0.013" classname="commandsdemo.DependsonMethodDemo"/>
  <testcase name="login" time="0.002" classname="commandsdemo.DependsonMethodDemo"/>
  <testcase name="logoff" time="0.001" classname="commandsdemo.DependsonMethodDemo"/>
</testsuite> <!-- commandsdemo.DependsonMethodDemo -->
