<?xml version="1.0" encoding="UTF-8"?>
<!-- Generated by org.testng.reporters.JUnitReportReporter -->
<testsuite skipped="0" hostname="IBM-Testing01" name="commandsdemo.DataProviderDemo" tests="2" failures="0" timestamp="08 Jan 2020 04:51:12 GMT" time="12.278" errors="0">
  <testcase name="f" time="10.000" classname="commandsdemo.DataProviderDemo"/>
  <testcase name="f" time="2.278" classname="commandsdemo.DataProviderDemo"/>
</testsuite> <!-- commandsdemo.DataProviderDemo -->
