<?xml version="1.0" encoding="UTF-8"?>
<!-- Generated by org.testng.reporters.JUnitReportReporter -->
<testsuite skipped="0" hostname="IBM-Testing01" name="grouppackage.TestGroup2" tests="4" failures="0" timestamp="08 Jan 2020 06:26:15 GMT" time="0.015" errors="0">
  <testcase name="test5" time="0.015" classname="grouppackage.TestGroup2"/>
  <testcase name="test8" time="0.000" classname="grouppackage.TestGroup2"/>
  <testcase name="test6" time="0.000" classname="grouppackage.TestGroup2"/>
  <testcase name="test7" time="0.000" classname="grouppackage.TestGroup2"/>
</testsuite> <!-- grouppackage.TestGroup2 -->
