<?xml version="1.0" encoding="UTF-8"?>
<!-- Generated by org.testng.reporters.JUnitReportReporter -->
<testsuite skipped="0" hostname="IBM-Testing01" name="grouppackage.TestGroup1" tests="4" failures="0" timestamp="08 Jan 2020 05:55:12 GMT" time="0.032" errors="0">
  <testcase name="test2" time="0.002" classname="grouppackage.TestGroup1"/>
  <testcase name="test4" time="0.001" classname="grouppackage.TestGroup1"/>
  <testcase name="test1" time="0.026" classname="grouppackage.TestGroup1"/>
  <testcase name="test3" time="0.003" classname="grouppackage.TestGroup1"/>
</testsuite> <!-- grouppackage.TestGroup1 -->
